<?xml version="1.0" encoding="UTF-8"?>
<!-- Generated by org.testng.reporters.JUnitReportReporter -->
<testsuite hostname="DESKTOP-NES9NKE" failures="0" tests="1" name="gov.abc.regressionTest.myFirstTest" time="10.211" errors="0" timestamp="2021-10-27T11:05:22 EDT" skipped="0">
  <testcase classname="gov.abc.regressionTest.myFirstTest" name="myTest" time="10.211"/>
  <system-out/>
</testsuite> <!-- gov.abc.regressionTest.myFirstTest -->
