<?xml version="1.0" encoding="UTF-8"?>
<!-- Generated by org.testng.reporters.JUnitReportReporter -->
<testsuite hostname="DESKTOP-NES9NKE" failures="0" tests="1" name="gov.abc.regressionTest.fbTest" time="0.000" errors="0" timestamp="2023-05-17T00:32:43 EDT" skipped="1">
  <testcase classname="gov.abc.regressionTest.fbTest" name="myTest" time="0.000">
    <skipped/>
  </testcase> <!-- myTest -->
  <system-out/>
</testsuite> <!-- gov.abc.regressionTest.fbTest -->
